Arguments: 
  C:\Program Files\nodejs\node.exe C:\Program Files\nodejs\node_modules\yarn\bin\yarn.js

PATH: 
  C:\Program Files (x86)\Common Files\Oracle\Java\javapath;C:\Windows\system32;C:\Windows;C:\Windows\System32\Wbem;C:\Windows\System32\WindowsPowerShell\v1.0\;C:\Windows\System32\OpenSSH\;C:\Program Files\TortoiseSVN\bin;C:\Users\dasom\AppData\Roaming\nvm;C:\Program Files\nodejs;C:\Program Files\Git\cmd;C:\Users\dasom\AppData\Local\Microsoft\WindowsApps;C:\Users\dasom\AppData\Local\Programs\Microsoft VS Code\bin;C:\Users\dasom\AppData\Roaming\nvm;C:\Program Files\nodejs;C:\Program Files\nodejs;C:\Users\dasom\AppData\Roaming\nvm;C:\Users\dasom\AppData\Roaming\nvm\v14.17.0\node_modules\yarn\bin;C:\Users\dasom\AppData\Roaming\nvm\v14.17.0\node_modules\npm;C:\Users\dasom\AppData\Local\GitHubDesktop\bin

Yarn version: 
  1.22.18

Node version: 
  14.17.0

Platform: 
  win32 x64

Trace: 
  Error: https://registry.yarnpkg.com/@mui/icons-material/-/icons-material-5.8.4.tgz: ESOCKETTIMEDOUT
      at ClientRequest.<anonymous> (C:\Users\dasom\AppData\Roaming\nvm\v14.17.0\node_modules\yarn\lib\cli.js:141510:19)
      at Object.onceWrapper (events.js:482:28)
      at ClientRequest.emit (events.js:376:20)
      at TLSSocket.emitRequestTimeout (_http_client.js:790:9)
      at Object.onceWrapper (events.js:482:28)
      at TLSSocket.emit (events.js:388:22)
      at TLSSocket.Socket._onTimeout (net.js:483:8)
      at listOnTimeout (internal/timers.js:555:17)
      at processTimers (internal/timers.js:498:7)

npm manifest: 
  {
    "name": "donation-frontend",
    "version": "0.1.0",
    "private": true,
    "dependencies": {
      "@chakra-ui/react": "^1.8.3",
      "@craco/craco": "^6.4.3",
      "@emotion/react": "^11.8.2",
      "@emotion/styled": "^11.8.1",
      "@ethersproject/providers": "^5.6.2",
      "@fortawesome/fontawesome-free": "^6.1.1",
      "@fortawesome/fontawesome-svg-core": "^6.1.1",
      "@fortawesome/free-regular-svg-icons": "^6.1.1",
      "@fortawesome/free-solid-svg-icons": "^6.1.1",
      "@fortawesome/react-fontawesome": "^0.1.18",
      "@headlessui/react": "^1.5.0",
      "@heroicons/react": "^1.0.6",
      "@mui/icons-material": "^5.5.1",
      "@mui/lab": "^5.0.0-alpha.75",
      "@mui/material": "^5.5.3",
      "@testing-library/jest-dom": "^5.16.1",
      "@testing-library/react": "^12.1.2",
      "@testing-library/user-event": "^13.5.0",
      "@types/aos": "^3.0.4",
      "@types/canvas-confetti": "^1.4.2",
      "@types/i18next": "^13.0.0",
      "@types/jest": "^27.4.0",
      "@types/node": "^17.0.18",
      "@types/react": "^17.0.39",
      "@types/react-copy-to-clipboard": "^5.0.2",
      "@types/react-dom": "^17.0.11",
      "@types/react-i18next": "^8.1.0",
      "@walletconnect/web3-provider": "^1.7.4",
      "@web3-react/core": "^6.1.9",
      "@web3-react/injected-connector": "^6.0.7",
      "@web3-react/types": "^6.0.7",
      "@web3auth/web3auth": "^0.5.1",
      "aos": "^2.3.4",
      "eslint-config-prettier": "^8.5.0",
      "ethers": "^5.5.4",
      "framer-motion": "6",
      "i18next": "^21.6.14",
      "magic-sdk": "7.0.0",
      "mini-svg-data-uri": "^1.4.4",
      "moralis": "^1.3.5",
      "process": "^0.11.10",
      "react": "^17.0.2",
      "react-app-rewired": "^2.2.1",
      "react-canvas-confetti": "^1.3.0",
      "react-copy-to-clipboard": "^5.0.4",
      "react-dom": "^17.0.2",
      "react-error-boundary": "^3.1.4",
      "react-fontawesome": "^1.7.1",
      "react-i18next": "^11.16.1",
      "react-icons": "^4.3.1",
      "react-moralis": "^1.3.2",
      "react-router-dom": "^6.2.1",
      "react-scripts": "4.0.3",
      "react-share": "^4.4.0",
      "recoil": "^0.6.1",
      "recoil-persist": "^4.1.0",
      "typescript": "^4.5.4",
      "web-vitals": "^2.1.2",
      "web3": "^1.7.0",
      "web3-utils": "^1.7.0"
    },
    "scripts": {
      "start": "craco start",
      "build": "craco build",
      "test": "craco test",
      "eject": "react-scripts eject"
    },
    "eslintConfig": {
      "extends": [
        "react-app",
        "react-app/jest"
      ]
    },
    "browserslist": {
      "production": [
        ">0.2%",
        "not dead",
        "not op_mini all"
      ],
      "development": [
        "last 1 chrome version",
        "last 1 firefox version",
        "last 1 safari version"
      ]
    },
    "devDependencies": {
      "@tailwindcss/forms": "^0.5.0",
      "autoprefixer": "9",
      "buffer": "^6.0.3",
      "node-sass": "6.0.0",
      "postcss": "7",
      "postcss-loader": "^6.2.1",
      "tailwindcss": "npm:@tailwindcss/postcss7-compat"
    },
    "browser": {
      "crypto": false
    },
    "resolutions": {
      "react-error-overlay": "6.0.9"
    }
  }

yarn manifest: 
  No manifest

Lockfile: 
  No lockfile
